Arguments: 
  C:\Program Files\nodejs\node.exe C:\Users\ashes\AppData\Roaming\npm\node_modules\yarn\bin\yarn.js add --dev hardhat @nomiclabs/hardhat-ethers@npm:hardhat-deploy-ethers ethers

PATH: 
  C:\Program Files\PowerShell\7;C:\Program Files\Common Files\Oracle\Java\javapath;C:\WINDOWS\system32;C:\WINDOWS;C:\WINDOWS\System32\Wbem;C:\WINDOWS\System32\WindowsPowerShell\v1.0\;C:\WINDOWS\System32\OpenSSH\;C:\MinGW\bin;C:\Program Files\Git\cmd;C:\Program Files\nodejs\;C:\Program Files\MongoDB\Server\6.0\bin;C:\Program Files\JetBrains\PyCharm Community Edition 2022.3.2;C:\Users\ashes\AppData\Roaming\Microsoft\Windows\Start Menu\Programs\Python 3.11;"C:\Program Files\Java\jdk-17.0.2\lib;.;";C:\Program Files\PowerShell\7\;C:\Users\ashes\AppData\Local\Programs\Python\Python311\Scripts\;C:\Users\ashes\AppData\Local\Programs\Python\Python311\;C:\Users\ashes\AppData\Local\Microsoft\WindowsApps;C:\Users\ashes\AppData\Local\Programs\Microsoft VS Code\bin;C:\Users\ashes\AppData\Local\JetBrains\IntelliJ IDEA Community Edition 2021.3.2\bin;;C:\Users\ashes\AppData\Roaming\npm;C:\Program Files\MongoDB\Server\6.0\bin;C:\Users\ashes\AppData\Local\GitHubDesktop\bin;C:\Program Files\JetBrains\PyCharm Community Edition 2022.3.2\bin;;"C:\Program Files\Java\jdk-17.0.2\lib;.;";C:\Program Files\Java\jdk-17.0.2\bin;C:\Users\ashes\AppData\Local\Programs\mongosh\;C:\Program Files\heroku\bin

Yarn version: 
  1.22.19

Node version: 
  16.17.0

Platform: 
  win32 x64

Trace: 
  Error: EPERM: operation not permitted, unlink 'D:\EtherElites-SIH2023\node_modules\keccak\prebuilds\win32-x64\node.napi.node'

npm manifest: 
  {
    "devDependencies": {
      "@nomicfoundation/hardhat-toolbox": "^3.0.0",
      "hardhat": "^2.17.3"
    },
    "dependencies": {
      "ethers": "^5.7.2"
    }
  }

yarn manifest: 
  No manifest

Lockfile: 
  No lockfile
